Running with dbt=1.7.1
Registered adapter: duckdb=1.7.0
Found 5 models, 3 seeds, 20 tests, 0 sources, 0 exposures, 0 metrics, 391 macros, 0 groups, 0 semantic models

Concurrency: 24 threads (target='dev')

1 of 11 START sql view model main.stg_customers ................................ [RUN]
2 of 11 START sql view model main.stg_orders ................................... [RUN]
3 of 11 START sql view model main.stg_payments ................................. [RUN]
3 of 11 OK created sql view model main.stg_payments ............................ [[32mOK[0m in 0.36s]
2 of 11 OK created sql view model main.stg_orders .............................. [[32mOK[0m in 0.36s]
1 of 11 OK created sql view model main.stg_customers ........................... [[32mOK[0m in 0.37s]
4 of 11 START test accepted_values_stg_payments_payment_method__credit_card__coupon__bank_transfer__gift_card  [RUN]
5 of 11 START test not_null_stg_payments_payment_id ............................ [RUN]
6 of 11 START test unique_stg_payments_payment_id .............................. [RUN]
7 of 11 START test accepted_values_stg_orders_status__placed__shipped__completed__return_pending__returned  [RUN]
8 of 11 START test not_null_stg_orders_order_id ................................ [RUN]
9 of 11 START test unique_stg_orders_order_id .................................. [RUN]
10 of 11 START test not_null_stg_customers_customer_id ......................... [RUN]
11 of 11 START test unique_stg_customers_customer_id ........................... [RUN]
5 of 11 PASS not_null_stg_payments_payment_id .................................. [[32mPASS[0m in 0.32s]
4 of 11 PASS accepted_values_stg_payments_payment_method__credit_card__coupon__bank_transfer__gift_card  [[32mPASS[0m in 0.34s]
6 of 11 PASS unique_stg_payments_payment_id .................................... [[32mPASS[0m in 0.34s]
9 of 11 PASS unique_stg_orders_order_id ........................................ [[32mPASS[0m in 0.33s]
7 of 11 PASS accepted_values_stg_orders_status__placed__shipped__completed__return_pending__returned  [[32mPASS[0m in 0.34s]
8 of 11 PASS not_null_stg_orders_order_id ...................................... [[32mPASS[0m in 0.34s]
10 of 11 PASS not_null_stg_customers_customer_id ............................... [[32mPASS[0m in 0.33s]
11 of 11 PASS unique_stg_customers_customer_id ................................. [[32mPASS[0m in 0.34s]

Finished running 3 view models, 8 tests in 0 hours 0 minutes and 1.02 seconds (1.02s).

[32mCompleted successfully[0m

Done. PASS=11 WARN=0 ERROR=0 SKIP=0 TOTAL=11
