[32m2023-11-12 18:30:33 -0700[0m - dagster - [34mDEBUG[0m - __ASSET_JOB - 2e66afe5-541b-444c-8bf3-55a40f898897 - 72418 - LOGS_CAPTURED - Started capturing logs in process (pid: 72418).
[32m2023-11-12 18:30:33 -0700[0m - dagster - [34mDEBUG[0m - __ASSET_JOB - 2e66afe5-541b-444c-8bf3-55a40f898897 - 72418 - jaffle_shop_dbt_assets - STEP_START - Started execution of step "jaffle_shop_dbt_assets".
[32m2023-11-12 18:30:33 -0700[0m - dagster - [34mINFO[0m - __ASSET_JOB - 2e66afe5-541b-444c-8bf3-55a40f898897 - jaffle_shop_dbt_assets - A dbt subsetted execution is not being performed. Using the default dbt selection arguments `['--select', 'fqn:*']`.
[32m2023-11-12 18:30:33 -0700[0m - dagster - [34mINFO[0m - __ASSET_JOB - 2e66afe5-541b-444c-8bf3-55a40f898897 - jaffle_shop_dbt_assets - Copying `/Users/resford/Documents/GitHub/dag-duck-dbt/tutorial-dbt-dagster/jaffle_shop/target/partial_parse.msgpack` to `/Users/resford/Documents/GitHub/dag-duck-dbt/tutorial-dbt-dagster/jaffle_shop/target/jaffle_shop_dbt_assets-2e66afe-55c31c9/partial_parse.msgpack` to take advantage of partial parsing.
[32m2023-11-12 18:30:33 -0700[0m - dagster - [34mINFO[0m - __ASSET_JOB - 2e66afe5-541b-444c-8bf3-55a40f898897 - jaffle_shop_dbt_assets - Running dbt command: `dbt build --select fqn:*`.
[32m2023-11-12 18:30:39 -0700[0m - dagster - [34mDEBUG[0m - __ASSET_JOB - 2e66afe5-541b-444c-8bf3-55a40f898897 - 72418 - jaffle_shop_dbt_assets - STEP_OUTPUT - Yielded output "raw_customers" of type "Nothing". (Type check passed).
[32m2023-11-12 18:30:39 -0700[0m - dagster - [34mDEBUG[0m - __ASSET_JOB - 2e66afe5-541b-444c-8bf3-55a40f898897 - 72418 - jaffle_shop_dbt_assets - ASSET_MATERIALIZATION - Materialized value raw_customers.
[32m2023-11-12 18:30:39 -0700[0m - dagster - [34mDEBUG[0m - __ASSET_JOB - 2e66afe5-541b-444c-8bf3-55a40f898897 - 72418 - jaffle_shop_dbt_assets - HANDLED_OUTPUT - Handled output "raw_customers" using IO manager "io_manager"
[32m2023-11-12 18:30:39 -0700[0m - dagster - [34mDEBUG[0m - __ASSET_JOB - 2e66afe5-541b-444c-8bf3-55a40f898897 - 72418 - jaffle_shop_dbt_assets - STEP_OUTPUT - Yielded output "raw_payments" of type "Nothing". (Type check passed).
[32m2023-11-12 18:30:39 -0700[0m - dagster - [34mDEBUG[0m - __ASSET_JOB - 2e66afe5-541b-444c-8bf3-55a40f898897 - 72418 - jaffle_shop_dbt_assets - ASSET_MATERIALIZATION - Materialized value raw_payments.
[32m2023-11-12 18:30:39 -0700[0m - dagster - [34mDEBUG[0m - __ASSET_JOB - 2e66afe5-541b-444c-8bf3-55a40f898897 - 72418 - jaffle_shop_dbt_assets - HANDLED_OUTPUT - Handled output "raw_payments" using IO manager "io_manager"
[32m2023-11-12 18:30:39 -0700[0m - dagster - [34mDEBUG[0m - __ASSET_JOB - 2e66afe5-541b-444c-8bf3-55a40f898897 - 72418 - jaffle_shop_dbt_assets - STEP_OUTPUT - Yielded output "raw_orders" of type "Nothing". (Type check passed).
[32m2023-11-12 18:30:39 -0700[0m - dagster - [34mDEBUG[0m - __ASSET_JOB - 2e66afe5-541b-444c-8bf3-55a40f898897 - 72418 - jaffle_shop_dbt_assets - ASSET_MATERIALIZATION - Materialized value raw_orders.
[32m2023-11-12 18:30:39 -0700[0m - dagster - [34mDEBUG[0m - __ASSET_JOB - 2e66afe5-541b-444c-8bf3-55a40f898897 - 72418 - jaffle_shop_dbt_assets - HANDLED_OUTPUT - Handled output "raw_orders" using IO manager "io_manager"
[32m2023-11-12 18:30:39 -0700[0m - dagster - [34mDEBUG[0m - __ASSET_JOB - 2e66afe5-541b-444c-8bf3-55a40f898897 - 72418 - jaffle_shop_dbt_assets - STEP_OUTPUT - Yielded output "stg_customers" of type "Nothing". (Type check passed).
[32m2023-11-12 18:30:39 -0700[0m - dagster - [34mDEBUG[0m - __ASSET_JOB - 2e66afe5-541b-444c-8bf3-55a40f898897 - 72418 - jaffle_shop_dbt_assets - ASSET_MATERIALIZATION - Materialized value stg_customers.
[32m2023-11-12 18:30:39 -0700[0m - dagster - [34mDEBUG[0m - __ASSET_JOB - 2e66afe5-541b-444c-8bf3-55a40f898897 - 72418 - jaffle_shop_dbt_assets - HANDLED_OUTPUT - Handled output "stg_customers" using IO manager "io_manager"
[32m2023-11-12 18:30:39 -0700[0m - dagster - [34mDEBUG[0m - __ASSET_JOB - 2e66afe5-541b-444c-8bf3-55a40f898897 - 72418 - jaffle_shop_dbt_assets - STEP_OUTPUT - Yielded output "stg_orders" of type "Nothing". (Type check passed).
[32m2023-11-12 18:30:39 -0700[0m - dagster - [34mDEBUG[0m - __ASSET_JOB - 2e66afe5-541b-444c-8bf3-55a40f898897 - 72418 - jaffle_shop_dbt_assets - ASSET_MATERIALIZATION - Materialized value stg_orders.
[32m2023-11-12 18:30:39 -0700[0m - dagster - [34mDEBUG[0m - __ASSET_JOB - 2e66afe5-541b-444c-8bf3-55a40f898897 - 72418 - jaffle_shop_dbt_assets - HANDLED_OUTPUT - Handled output "stg_orders" using IO manager "io_manager"
[32m2023-11-12 18:30:39 -0700[0m - dagster - [34mDEBUG[0m - __ASSET_JOB - 2e66afe5-541b-444c-8bf3-55a40f898897 - 72418 - jaffle_shop_dbt_assets - STEP_OUTPUT - Yielded output "stg_payments" of type "Nothing". (Type check passed).
[32m2023-11-12 18:30:39 -0700[0m - dagster - [34mDEBUG[0m - __ASSET_JOB - 2e66afe5-541b-444c-8bf3-55a40f898897 - 72418 - jaffle_shop_dbt_assets - ASSET_MATERIALIZATION - Materialized value stg_payments.
[32m2023-11-12 18:30:39 -0700[0m - dagster - [34mDEBUG[0m - __ASSET_JOB - 2e66afe5-541b-444c-8bf3-55a40f898897 - 72418 - jaffle_shop_dbt_assets - HANDLED_OUTPUT - Handled output "stg_payments" using IO manager "io_manager"
[32m2023-11-12 18:30:40 -0700[0m - dagster - [34mDEBUG[0m - __ASSET_JOB - 2e66afe5-541b-444c-8bf3-55a40f898897 - 72418 - jaffle_shop_dbt_assets - ASSET_OBSERVATION - ASSET_OBSERVATION for step jaffle_shop_dbt_assets
[32m2023-11-12 18:30:40 -0700[0m - dagster - [34mDEBUG[0m - __ASSET_JOB - 2e66afe5-541b-444c-8bf3-55a40f898897 - 72418 - jaffle_shop_dbt_assets - ASSET_OBSERVATION - ASSET_OBSERVATION for step jaffle_shop_dbt_assets
[32m2023-11-12 18:30:40 -0700[0m - dagster - [34mDEBUG[0m - __ASSET_JOB - 2e66afe5-541b-444c-8bf3-55a40f898897 - 72418 - jaffle_shop_dbt_assets - ASSET_OBSERVATION - ASSET_OBSERVATION for step jaffle_shop_dbt_assets
[32m2023-11-12 18:30:40 -0700[0m - dagster - [34mDEBUG[0m - __ASSET_JOB - 2e66afe5-541b-444c-8bf3-55a40f898897 - 72418 - jaffle_shop_dbt_assets - ASSET_OBSERVATION - ASSET_OBSERVATION for step jaffle_shop_dbt_assets
[32m2023-11-12 18:30:40 -0700[0m - dagster - [34mDEBUG[0m - __ASSET_JOB - 2e66afe5-541b-444c-8bf3-55a40f898897 - 72418 - jaffle_shop_dbt_assets - ASSET_OBSERVATION - ASSET_OBSERVATION for step jaffle_shop_dbt_assets
[32m2023-11-12 18:30:40 -0700[0m - dagster - [34mDEBUG[0m - __ASSET_JOB - 2e66afe5-541b-444c-8bf3-55a40f898897 - 72418 - jaffle_shop_dbt_assets - ASSET_OBSERVATION - ASSET_OBSERVATION for step jaffle_shop_dbt_assets
[32m2023-11-12 18:30:40 -0700[0m - dagster - [34mDEBUG[0m - __ASSET_JOB - 2e66afe5-541b-444c-8bf3-55a40f898897 - 72418 - jaffle_shop_dbt_assets - ASSET_OBSERVATION - ASSET_OBSERVATION for step jaffle_shop_dbt_assets
[32m2023-11-12 18:30:40 -0700[0m - dagster - [34mDEBUG[0m - __ASSET_JOB - 2e66afe5-541b-444c-8bf3-55a40f898897 - 72418 - jaffle_shop_dbt_assets - ASSET_OBSERVATION - ASSET_OBSERVATION for step jaffle_shop_dbt_assets
[32m2023-11-12 18:30:40 -0700[0m - dagster - [34mDEBUG[0m - __ASSET_JOB - 2e66afe5-541b-444c-8bf3-55a40f898897 - 72418 - jaffle_shop_dbt_assets - STEP_OUTPUT - Yielded output "orders" of type "Nothing". (Type check passed).
[32m2023-11-12 18:30:40 -0700[0m - dagster - [34mDEBUG[0m - __ASSET_JOB - 2e66afe5-541b-444c-8bf3-55a40f898897 - 72418 - jaffle_shop_dbt_assets - ASSET_MATERIALIZATION - Materialized value orders.
[32m2023-11-12 18:30:40 -0700[0m - dagster - [34mDEBUG[0m - __ASSET_JOB - 2e66afe5-541b-444c-8bf3-55a40f898897 - 72418 - jaffle_shop_dbt_assets - HANDLED_OUTPUT - Handled output "orders" using IO manager "io_manager"
[32m2023-11-12 18:30:40 -0700[0m - dagster - [34mDEBUG[0m - __ASSET_JOB - 2e66afe5-541b-444c-8bf3-55a40f898897 - 72418 - jaffle_shop_dbt_assets - STEP_OUTPUT - Yielded output "customers" of type "Nothing". (Type check passed).
[32m2023-11-12 18:30:40 -0700[0m - dagster - [34mDEBUG[0m - __ASSET_JOB - 2e66afe5-541b-444c-8bf3-55a40f898897 - 72418 - jaffle_shop_dbt_assets - ASSET_MATERIALIZATION - Materialized value customers.
[32m2023-11-12 18:30:40 -0700[0m - dagster - [34mDEBUG[0m - __ASSET_JOB - 2e66afe5-541b-444c-8bf3-55a40f898897 - 72418 - jaffle_shop_dbt_assets - HANDLED_OUTPUT - Handled output "customers" using IO manager "io_manager"
[32m2023-11-12 18:30:41 -0700[0m - dagster - [34mDEBUG[0m - __ASSET_JOB - 2e66afe5-541b-444c-8bf3-55a40f898897 - 72418 - jaffle_shop_dbt_assets - ASSET_OBSERVATION - ASSET_OBSERVATION for step jaffle_shop_dbt_assets
[32m2023-11-12 18:30:41 -0700[0m - dagster - [34mDEBUG[0m - __ASSET_JOB - 2e66afe5-541b-444c-8bf3-55a40f898897 - 72418 - jaffle_shop_dbt_assets - ASSET_OBSERVATION - ASSET_OBSERVATION for step jaffle_shop_dbt_assets
[32m2023-11-12 18:30:41 -0700[0m - dagster - [34mDEBUG[0m - __ASSET_JOB - 2e66afe5-541b-444c-8bf3-55a40f898897 - 72418 - jaffle_shop_dbt_assets - ASSET_OBSERVATION - ASSET_OBSERVATION for step jaffle_shop_dbt_assets
[32m2023-11-12 18:30:41 -0700[0m - dagster - [34mDEBUG[0m - __ASSET_JOB - 2e66afe5-541b-444c-8bf3-55a40f898897 - 72418 - jaffle_shop_dbt_assets - ASSET_OBSERVATION - ASSET_OBSERVATION for step jaffle_shop_dbt_assets
[32m2023-11-12 18:30:41 -0700[0m - dagster - [34mDEBUG[0m - __ASSET_JOB - 2e66afe5-541b-444c-8bf3-55a40f898897 - 72418 - jaffle_shop_dbt_assets - ASSET_OBSERVATION - ASSET_OBSERVATION for step jaffle_shop_dbt_assets
[32m2023-11-12 18:30:41 -0700[0m - dagster - [34mDEBUG[0m - __ASSET_JOB - 2e66afe5-541b-444c-8bf3-55a40f898897 - 72418 - jaffle_shop_dbt_assets - ASSET_OBSERVATION - ASSET_OBSERVATION for step jaffle_shop_dbt_assets
[32m2023-11-12 18:30:41 -0700[0m - dagster - [34mDEBUG[0m - __ASSET_JOB - 2e66afe5-541b-444c-8bf3-55a40f898897 - 72418 - jaffle_shop_dbt_assets - ASSET_OBSERVATION - ASSET_OBSERVATION for step jaffle_shop_dbt_assets
[32m2023-11-12 18:30:41 -0700[0m - dagster - [34mDEBUG[0m - __ASSET_JOB - 2e66afe5-541b-444c-8bf3-55a40f898897 - 72418 - jaffle_shop_dbt_assets - ASSET_OBSERVATION - ASSET_OBSERVATION for step jaffle_shop_dbt_assets
[32m2023-11-12 18:30:41 -0700[0m - dagster - [34mDEBUG[0m - __ASSET_JOB - 2e66afe5-541b-444c-8bf3-55a40f898897 - 72418 - jaffle_shop_dbt_assets - ASSET_OBSERVATION - ASSET_OBSERVATION for step jaffle_shop_dbt_assets
[32m2023-11-12 18:30:41 -0700[0m - dagster - [34mDEBUG[0m - __ASSET_JOB - 2e66afe5-541b-444c-8bf3-55a40f898897 - 72418 - jaffle_shop_dbt_assets - ASSET_OBSERVATION - ASSET_OBSERVATION for step jaffle_shop_dbt_assets
[32m2023-11-12 18:30:41 -0700[0m - dagster - [34mDEBUG[0m - __ASSET_JOB - 2e66afe5-541b-444c-8bf3-55a40f898897 - 72418 - jaffle_shop_dbt_assets - ASSET_OBSERVATION - ASSET_OBSERVATION for step jaffle_shop_dbt_assets
[32m2023-11-12 18:30:41 -0700[0m - dagster - [34mDEBUG[0m - __ASSET_JOB - 2e66afe5-541b-444c-8bf3-55a40f898897 - 72418 - jaffle_shop_dbt_assets - ASSET_OBSERVATION - ASSET_OBSERVATION for step jaffle_shop_dbt_assets
[32m2023-11-12 18:30:41 -0700[0m - dagster - [34mDEBUG[0m - __ASSET_JOB - 2e66afe5-541b-444c-8bf3-55a40f898897 - 72418 - jaffle_shop_dbt_assets - ASSET_OBSERVATION - ASSET_OBSERVATION for step jaffle_shop_dbt_assets
[32m2023-11-12 18:30:41 -0700[0m - dagster - [34mDEBUG[0m - __ASSET_JOB - 2e66afe5-541b-444c-8bf3-55a40f898897 - 72418 - jaffle_shop_dbt_assets - STEP_SUCCESS - Finished execution of step "jaffle_shop_dbt_assets" in 8.29s.
