Running with dbt=1.7.1
Registered adapter: duckdb=1.7.0
Found 5 models, 3 seeds, 20 tests, 0 sources, 0 exposures, 0 metrics, 391 macros, 0 groups, 0 semantic models

Concurrency: 24 threads (target='dev')

1 of 28 START seed file main.raw_customers ..................................... [RUN]
2 of 28 START seed file main.raw_orders ........................................ [RUN]
3 of 28 START seed file main.raw_payments ...................................... [RUN]
1 of 28 OK loaded seed file main.raw_customers ................................. [[32mINSERT 100[0m in 0.34s]
3 of 28 OK loaded seed file main.raw_payments .................................. [[32mINSERT 113[0m in 0.34s]
2 of 28 OK loaded seed file main.raw_orders .................................... [[32mINSERT 99[0m in 0.35s]
4 of 28 START sql view model main.stg_customers ................................ [RUN]
5 of 28 START sql view model main.stg_payments ................................. [RUN]
6 of 28 START sql view model main.stg_orders ................................... [RUN]
4 of 28 OK created sql view model main.stg_customers ........................... [[32mOK[0m in 0.44s]
6 of 28 OK created sql view model main.stg_orders .............................. [[32mOK[0m in 0.45s]
5 of 28 OK created sql view model main.stg_payments ............................ [[32mOK[0m in 0.48s]
7 of 28 START test accepted_values_stg_orders_status__placed__shipped__completed__return_pending__returned  [RUN]
8 of 28 START test not_null_stg_customers_customer_id .......................... [RUN]
9 of 28 START test not_null_stg_orders_order_id ................................ [RUN]
10 of 28 START test unique_stg_customers_customer_id ........................... [RUN]
11 of 28 START test unique_stg_orders_order_id ................................. [RUN]
12 of 28 START test accepted_values_stg_payments_payment_method__credit_card__coupon__bank_transfer__gift_card  [RUN]
13 of 28 START test not_null_stg_payments_payment_id ........................... [RUN]
14 of 28 START test unique_stg_payments_payment_id ............................. [RUN]
9 of 28 PASS not_null_stg_orders_order_id ...................................... [[32mPASS[0m in 0.44s]
7 of 28 PASS accepted_values_stg_orders_status__placed__shipped__completed__return_pending__returned  [[32mPASS[0m in 0.45s]
10 of 28 PASS unique_stg_customers_customer_id ................................. [[32mPASS[0m in 0.45s]
11 of 28 PASS unique_stg_orders_order_id ....................................... [[32mPASS[0m in 0.46s]
8 of 28 PASS not_null_stg_customers_customer_id ................................ [[32mPASS[0m in 0.48s]
14 of 28 PASS unique_stg_payments_payment_id ................................... [[32mPASS[0m in 0.42s]
13 of 28 PASS not_null_stg_payments_payment_id ................................. [[32mPASS[0m in 0.44s]
12 of 28 PASS accepted_values_stg_payments_payment_method__credit_card__coupon__bank_transfer__gift_card  [[32mPASS[0m in 0.46s]
15 of 28 START sql table model main.customers .................................. [RUN]
16 of 28 START sql table model main.orders ..................................... [RUN]
16 of 28 OK created sql table model main.orders ................................ [[32mOK[0m in 0.32s]
15 of 28 OK created sql table model main.customers ............................. [[32mOK[0m in 0.36s]
17 of 28 START test accepted_values_orders_status__placed__shipped__completed__return_pending__returned  [RUN]
18 of 28 START test not_null_orders_amount ..................................... [RUN]
19 of 28 START test not_null_orders_bank_transfer_amount ....................... [RUN]
20 of 28 START test not_null_orders_coupon_amount .............................. [RUN]
21 of 28 START test not_null_orders_credit_card_amount ......................... [RUN]
22 of 28 START test not_null_orders_customer_id ................................ [RUN]
23 of 28 START test not_null_orders_gift_card_amount ........................... [RUN]
24 of 28 START test not_null_orders_order_id ................................... [RUN]
25 of 28 START test unique_orders_order_id ..................................... [RUN]
26 of 28 START test not_null_customers_customer_id ............................. [RUN]
27 of 28 START test relationships_orders_customer_id__customer_id__ref_customers_  [RUN]
28 of 28 START test unique_customers_customer_id ............................... [RUN]
18 of 28 PASS not_null_orders_amount ........................................... [[32mPASS[0m in 0.53s]
17 of 28 PASS accepted_values_orders_status__placed__shipped__completed__return_pending__returned  [[32mPASS[0m in 0.54s]
19 of 28 PASS not_null_orders_bank_transfer_amount ............................. [[32mPASS[0m in 0.53s]
20 of 28 PASS not_null_orders_coupon_amount .................................... [[32mPASS[0m in 0.54s]
21 of 28 PASS not_null_orders_credit_card_amount ............................... [[32mPASS[0m in 0.54s]
23 of 28 PASS not_null_orders_gift_card_amount ................................. [[32mPASS[0m in 0.54s]
22 of 28 PASS not_null_orders_customer_id ...................................... [[32mPASS[0m in 0.55s]
25 of 28 PASS unique_orders_order_id ........................................... [[32mPASS[0m in 0.54s]
26 of 28 PASS not_null_customers_customer_id ................................... [[32mPASS[0m in 0.54s]
28 of 28 PASS unique_customers_customer_id ..................................... [[32mPASS[0m in 0.52s]
24 of 28 PASS not_null_orders_order_id ......................................... [[32mPASS[0m in 0.56s]
27 of 28 PASS relationships_orders_customer_id__customer_id__ref_customers_ .... [[32mPASS[0m in 0.55s]

Finished running 3 seeds, 3 view models, 20 tests, 2 table models in 0 hours 0 minutes and 2.84 seconds (2.84s).

[32mCompleted successfully[0m

Done. PASS=28 WARN=0 ERROR=0 SKIP=0 TOTAL=28
